s:\dev\c++\mergesort\mergesort\debug\vc142.pdb
s:\dev\c++\mergesort\mergesort\debug\vc142.idb
s:\dev\c++\mergesort\mergesort\debug\mergesort.obj
s:\dev\c++\mergesort\mergesort\debug\filegenerator.obj
s:\dev\c++\mergesort\mergesort\debug\main.obj
s:\dev\c++\mergesort\debug\mergesort.ilk
s:\dev\c++\mergesort\debug\mergesort.exe
s:\dev\c++\mergesort\debug\mergesort.pdb
s:\dev\c++\mergesort\mergesort\debug\mergesort.tlog\cl.command.1.tlog
s:\dev\c++\mergesort\mergesort\debug\mergesort.tlog\cl.read.1.tlog
s:\dev\c++\mergesort\mergesort\debug\mergesort.tlog\cl.write.1.tlog
s:\dev\c++\mergesort\mergesort\debug\mergesort.tlog\link.7356-cvtres.read.1.tlog
s:\dev\c++\mergesort\mergesort\debug\mergesort.tlog\link.7356-cvtres.write.1.tlog
s:\dev\c++\mergesort\mergesort\debug\mergesort.tlog\link.7356-rc.read.1.tlog
s:\dev\c++\mergesort\mergesort\debug\mergesort.tlog\link.7356-rc.write.1.tlog
s:\dev\c++\mergesort\mergesort\debug\mergesort.tlog\link.7356.read.1.tlog
s:\dev\c++\mergesort\mergesort\debug\mergesort.tlog\link.7356.write.1.tlog
s:\dev\c++\mergesort\mergesort\debug\mergesort.tlog\link.command.1.tlog
s:\dev\c++\mergesort\mergesort\debug\mergesort.tlog\link.read.1.tlog
s:\dev\c++\mergesort\mergesort\debug\mergesort.tlog\link.write.1.tlog
